<?xml version="1.0" encoding="UTF-8"?>
<!-- Generated by org.testng.reporters.JUnitReportReporter -->
<testsuite hostname="SIDDHARTH" failures="0" tests="2" name="testNGParellelExecution.TestNG3" time="0.014" errors="0" timestamp="2023-01-23T23:11:49 IST" skipped="0">
  <testcase classname="testNGParellelExecution.TestNG3" name="method1" time="0.010"/>
  <system-out>
    <![CDATA[i am method1]]>
  </system-out>
  <testcase classname="testNGParellelExecution.TestNG3" name="method2" time="0.004"/>
  <system-out>
    <![CDATA[i am method2]]>
  </system-out>
</testsuite> <!-- testNGParellelExecution.TestNG3 -->
