<?xml version="1.0" encoding="UTF-8"?>
<!-- Generated by org.testng.reporters.JUnitReportReporter -->
<testsuite hostname="SIDDHARTH" failures="0" tests="18" name="TestNgPack2.Flag6" time="0.018" errors="0" timestamp="2023-01-23T23:03:34 IST" skipped="0">
  <testcase classname="TestNgPack2.Flag6" name="it5" time="0.001"/>
  <system-out>
    <![CDATA[Integration Testing5]]>
  </system-out>
  <testcase classname="TestNgPack2.Flag6" name="st4" time="0.000"/>
  <system-out>
    <![CDATA[System Testing4]]>
  </system-out>
  <testcase classname="TestNgPack2.Flag6" name="st5" time="0.000"/>
  <system-out>
    <![CDATA[System Testing5]]>
  </system-out>
  <testcase classname="TestNgPack2.Flag6" name="it1" time="0.000"/>
  <system-out>
    <![CDATA[Integration Testing]]>
  </system-out>
  <testcase classname="TestNgPack2.Flag6" name="ft2" time="0.000"/>
  <system-out>
    <![CDATA[Functional Testing2]]>
  </system-out>
  <testcase classname="TestNgPack2.Flag6" name="ft1" time="0.007"/>
  <system-out>
    <![CDATA[Functional Testing]]>
  </system-out>
  <testcase classname="TestNgPack2.Flag6" name="it4" time="0.001"/>
  <system-out>
    <![CDATA[Integration Testing4]]>
  </system-out>
  <testcase classname="TestNgPack2.Flag6" name="st1" time="0.000"/>
  <system-out>
    <![CDATA[System Testing]]>
  </system-out>
  <testcase classname="TestNgPack2.Flag6" name="it3" time="0.000"/>
  <system-out>
    <![CDATA[Integration Testing3]]>
  </system-out>
  <testcase classname="TestNgPack2.Flag6" name="ft3" time="0.002"/>
  <system-out>
    <![CDATA[Functional Testing3]]>
  </system-out>
  <testcase classname="TestNgPack2.Flag6" name="st3" time="0.001"/>
  <system-out>
    <![CDATA[System Testing3]]>
  </system-out>
  <testcase classname="TestNgPack2.Flag6" name="ft5" time="0.001"/>
  <system-out>
    <![CDATA[Functional Testing5]]>
  </system-out>
  <testcase classname="TestNgPack2.Flag6" name="ft4" time="0.001"/>
  <system-out>
    <![CDATA[Functional Testing4]]>
  </system-out>
  <testcase classname="TestNgPack2.Flag6" name="it2" time="0.000"/>
  <system-out>
    <![CDATA[Integration Testing2]]>
  </system-out>
  <testcase classname="TestNgPack2.Flag6" name="st2" time="0.000"/>
  <system-out>
    <![CDATA[System Testing2]]>
  </system-out>
  <testcase classname="TestNgPack2.Flag6" name="ft6" time="0.001"/>
  <system-out>
    <![CDATA[Functional Testing6]]>
  </system-out>
  <testcase classname="TestNgPack2.Flag6" name="it6" time="0.001"/>
  <system-out>
    <![CDATA[Integration Testing6]]>
  </system-out>
  <testcase classname="TestNgPack2.Flag6" name="st6" time="0.002"/>
  <system-out>
    <![CDATA[System Testing6]]>
  </system-out>
</testsuite> <!-- TestNgPack2.Flag6 -->
