<?xml version="1.0" encoding="UTF-8"?>
<!-- Generated by org.testng.reporters.JUnitReportReporter -->
<testsuite hostname="SIDDHARTH" failures="0" tests="2" name="TestNg.TestValidLogin2" time="14.647" errors="0" timestamp="2023-01-25T12:54:42 IST" skipped="0">
  <testcase classname="TestNg.TestValidLogin2" name="method1" time="8.128"/>
  <system-out/>
  <testcase classname="TestNg.TestValidLogin2" name="method1" time="6.519"/>
  <system-out/>
</testsuite> <!-- TestNg.TestValidLogin2 -->
