<?xml version="1.0" encoding="UTF-8"?>
<!-- Generated by org.testng.reporters.JUnitReportReporter -->
<testsuite hostname="SIDDHARTH" failures="0" tests="3" name="TestNg.Demo" time="0.000" errors="0" timestamp="2023-01-20T14:18:15 IST" skipped="0">
  <testcase classname="TestNg.Demo" name="demo1" time="0.000"/>
  <system-out/>
  <testcase classname="TestNg.Demo" name="demo2" time="0.000"/>
  <system-out>
    <![CDATA[This is demo2 method]]>
  </system-out>
  <testcase classname="TestNg.Demo" name="demo" time="0.000"/>
  <system-out>
    <![CDATA[This is demo method]]>
  </system-out>
</testsuite> <!-- TestNg.Demo -->
