<?xml version="1.0" encoding="UTF-8"?>
<!-- Generated by org.testng.reporters.JUnitReportReporter -->
<testsuite hostname="SIDDHARTH" failures="0" tests="3" name="TestNgPack2.Flag4" time="0.016" errors="0" timestamp="2023-01-20T14:50:04 IST" skipped="0">
  <testcase classname="TestNgPack2.Flag4" name="logOut" time="0.002"/>
  <system-out>
    <![CDATA[LogOut In is Done!!]]>
  </system-out>
  <testcase classname="TestNgPack2.Flag4" name="createUser" time="0.006"/>
  <system-out>
    <![CDATA[User Create!!]]>
  </system-out>
  <testcase classname="TestNgPack2.Flag4" name="loginMethod" time="0.008"/>
  <system-out>
    <![CDATA[Log In is Done!!]]>
  </system-out>
</testsuite> <!-- TestNgPack2.Flag4 -->
