<?xml version="1.0" encoding="UTF-8"?>
<!-- Generated by org.testng.reporters.JUnitReportReporter -->
<testsuite hostname="SIDDHARTH" failures="0" tests="2" name="testNGParellelExecution.TestNG4" time="0.010" errors="0" timestamp="2023-01-23T23:14:16 IST" skipped="0">
  <testcase classname="testNGParellelExecution.TestNG4" name="today" time="0.009"/>
  <system-out>
    <![CDATA[today method1 is the thread]]>
  </system-out>
  <testcase classname="testNGParellelExecution.TestNG4" name="tomorrow" time="0.001"/>
  <system-out>
    <![CDATA[tomorrow method1 is the thread]]>
  </system-out>
</testsuite> <!-- testNGParellelExecution.TestNG4 -->
