<?xml version="1.0" encoding="UTF-8"?>
<!-- Generated by org.testng.reporters.JUnitReportReporter -->
<testsuite hostname="SIDDHARTH" failures="0" tests="1" name="TestNg.ActitimeTestNGLogin" time="6.924" errors="0" timestamp="2023-01-28T00:39:24 IST" skipped="0">
  <testcase classname="TestNg.ActitimeTestNGLogin" name="testLogin" time="6.924"/>
  <system-out/>
</testsuite> <!-- TestNg.ActitimeTestNGLogin -->
