<?xml version="1.0" encoding="UTF-8"?>
<!-- Generated by org.testng.reporters.JUnitReportReporter -->
<testsuite hostname="SIDDHARTH" failures="0" tests="1" name="TestNgPack2.Annotation" time="0.006" errors="0" timestamp="2023-01-20T15:16:06 IST" skipped="0">
  <testcase classname="TestNgPack2.Annotation" name="f" time="0.006"/>
  <system-out/>
</testsuite> <!-- TestNgPack2.Annotation -->
