<?xml version="1.0" encoding="UTF-8"?>
<!-- Generated by org.testng.reporters.JUnitReportReporter -->
<testsuite hostname="SIDDHARTH" failures="0" tests="1" name="TestNgPack2.Class2" time="27.170" errors="0" timestamp="2023-01-20T14:20:55 IST" skipped="0">
  <testcase classname="TestNgPack2.Class2" name="mt" time="27.170"/>
  <system-out/>
</testsuite> <!-- TestNgPack2.Class2 -->
