<?xml version="1.0" encoding="UTF-8"?>
<!-- Generated by org.testng.reporters.JUnitReportReporter -->
<testsuite hostname="SIDDHARTH" failures="0" tests="3" name="TestNg.Sumo" time="0.000" errors="0" timestamp="2023-01-20T14:18:15 IST" skipped="0">
  <testcase classname="TestNg.Sumo" name="sumo" time="0.000"/>
  <system-out>
    <![CDATA[This is sumo method]]>
  </system-out>
  <testcase classname="TestNg.Sumo" name="sumo1" time="0.000"/>
  <system-out>
    <![CDATA[This is sumo1 method]]>
  </system-out>
  <testcase classname="TestNg.Sumo" name="sumo2" time="0.000"/>
  <system-out>
    <![CDATA[This is sumo2 method]]>
  </system-out>
</testsuite> <!-- TestNg.Sumo -->
