<?xml version="1.0" encoding="UTF-8"?>
<!-- Generated by org.testng.reporters.JUnitReportReporter -->
<testsuite hostname="SIDDHARTH" failures="0" tests="1" name="TestNg.TestValidLogin" time="6.305" errors="0" timestamp="2023-01-27T23:30:37 IST" skipped="0">
  <testcase classname="TestNg.TestValidLogin" name="validLogin" time="6.305"/>
  <system-out/>
</testsuite> <!-- TestNg.TestValidLogin -->
