<?xml version="1.0" encoding="UTF-8"?>
<!-- Generated by org.testng.reporters.JUnitReportReporter -->
<testsuite hostname="SIDDHARTH" failures="0" tests="1" name="testNGParellelExecution.TestNG2" time="0.017" errors="0" timestamp="2023-01-23T23:20:12 IST" skipped="0">
  <testcase classname="testNGParellelExecution.TestNG2" name="m2" time="0.017"/>
  <system-out>
    <![CDATA[m2 method]]>
  </system-out>
</testsuite> <!-- testNGParellelExecution.TestNG2 -->
