<?xml version="1.0" encoding="UTF-8"?>
<!-- Generated by org.testng.reporters.JUnitReportReporter -->
<testsuite hostname="SIDDHARTH" failures="0" tests="6" name="TestNgPack2.PriorityClass" time="0.018" errors="0" timestamp="2023-01-21T14:22:42 IST" skipped="0">
  <testcase classname="TestNgPack2.PriorityClass" name="k" time="0.001"/>
  <system-out>
    <![CDATA[k]]>
  </system-out>
  <testcase classname="TestNgPack2.PriorityClass" name="a" time="0.012"/>
  <system-out>
    <![CDATA[a]]>
  </system-out>
  <testcase classname="TestNgPack2.PriorityClass" name="i" time="0.001"/>
  <system-out>
    <![CDATA[i]]>
  </system-out>
  <testcase classname="TestNgPack2.PriorityClass" name="m" time="0.001"/>
  <system-out>
    <![CDATA[m]]>
  </system-out>
  <testcase classname="TestNgPack2.PriorityClass" name="p" time="0.002"/>
  <system-out>
    <![CDATA[p]]>
  </system-out>
  <testcase classname="TestNgPack2.PriorityClass" name="d" time="0.001"/>
  <system-out>
    <![CDATA[d]]>
  </system-out>
</testsuite> <!-- TestNgPack2.PriorityClass -->
