<?xml version="1.0" encoding="UTF-8"?>
<!-- Generated by org.testng.reporters.JUnitReportReporter -->
<testsuite hostname="SIDDHARTH" failures="0" tests="3" name="TestNg.Remo" time="0.000" errors="0" timestamp="2023-01-20T14:18:15 IST" skipped="0">
  <testcase classname="TestNg.Remo" name="remo1" time="0.000"/>
  <system-out>
    <![CDATA[This is remo1 method]]>
  </system-out>
  <testcase classname="TestNg.Remo" name="remo2" time="0.000"/>
  <system-out>
    <![CDATA[This is remo2 method]]>
  </system-out>
  <testcase classname="TestNg.Remo" name="remo" time="0.000"/>
  <system-out>
    <![CDATA[This is remo method]]>
  </system-out>
</testsuite> <!-- TestNg.Remo -->
